<?xml version="1.0" encoding="UTF-8"?>
<testsuite xmlns:xsi="http://www.w3.org/2001/XMLSchema-instance" xsi:noNamespaceSchemaLocation="https://maven.apache.org/surefire/maven-surefire-plugin/xsd/surefire-test-report.xsd" name="TestSuite" time="390.867" tests="13" errors="0" skipped="0" failures="1">
  <properties>
    <property name="sun.desktop" value="windows"/>
    <property name="awt.toolkit" value="sun.awt.windows.WToolkit"/>
    <property name="file.encoding.pkg" value="sun.io"/>
    <property name="java.specification.version" value="1.8"/>
    <property name="sun.cpu.isalist" value="amd64"/>
    <property name="sun.jnu.encoding" value="Cp1252"/>
    <property name="java.class.path" value="C:\Users\kgautam\E2E\target\test-classes;C:\Users\kgautam\E2E\target\classes;C:\Users\kgautam\.m2\repository\org\seleniumhq\selenium\selenium-java\3.11.0\selenium-java-3.11.0.jar;C:\Users\kgautam\.m2\repository\org\seleniumhq\selenium\selenium-api\3.11.0\selenium-api-3.11.0.jar;C:\Users\kgautam\.m2\repository\org\seleniumhq\selenium\selenium-chrome-driver\3.11.0\selenium-chrome-driver-3.11.0.jar;C:\Users\kgautam\.m2\repository\org\seleniumhq\selenium\selenium-edge-driver\3.11.0\selenium-edge-driver-3.11.0.jar;C:\Users\kgautam\.m2\repository\org\seleniumhq\selenium\selenium-firefox-driver\3.11.0\selenium-firefox-driver-3.11.0.jar;C:\Users\kgautam\.m2\repository\org\seleniumhq\selenium\selenium-ie-driver\3.11.0\selenium-ie-driver-3.11.0.jar;C:\Users\kgautam\.m2\repository\org\seleniumhq\selenium\selenium-opera-driver\3.11.0\selenium-opera-driver-3.11.0.jar;C:\Users\kgautam\.m2\repository\org\seleniumhq\selenium\selenium-remote-driver\3.11.0\selenium-remote-driver-3.11.0.jar;C:\Users\kgautam\.m2\repository\org\seleniumhq\selenium\selenium-safari-driver\3.11.0\selenium-safari-driver-3.11.0.jar;C:\Users\kgautam\.m2\repository\org\seleniumhq\selenium\selenium-support\3.11.0\selenium-support-3.11.0.jar;C:\Users\kgautam\.m2\repository\net\bytebuddy\byte-buddy\1.7.9\byte-buddy-1.7.9.jar;C:\Users\kgautam\.m2\repository\org\apache\commons\commons-exec\1.3\commons-exec-1.3.jar;C:\Users\kgautam\.m2\repository\commons-codec\commons-codec\1.10\commons-codec-1.10.jar;C:\Users\kgautam\.m2\repository\commons-logging\commons-logging\1.2\commons-logging-1.2.jar;C:\Users\kgautam\.m2\repository\com\google\code\gson\gson\2.8.2\gson-2.8.2.jar;C:\Users\kgautam\.m2\repository\org\apache\httpcomponents\httpclient\4.5.3\httpclient-4.5.3.jar;C:\Users\kgautam\.m2\repository\org\apache\httpcomponents\httpcore\4.4.6\httpcore-4.4.6.jar;C:\Users\kgautam\.m2\repository\com\squareup\okhttp3\okhttp\3.9.1\okhttp-3.9.1.jar;C:\Users\kgautam\.m2\repository\com\squareup\okio\okio\1.13.0\okio-1.13.0.jar;C:\Users\kgautam\.m2\repository\com\google\guava\guava\22.0\guava-22.0.jar;C:\Users\kgautam\.m2\repository\com\google\code\findbugs\jsr305\1.3.9\jsr305-1.3.9.jar;C:\Users\kgautam\.m2\repository\com\google\errorprone\error_prone_annotations\2.0.18\error_prone_annotations-2.0.18.jar;C:\Users\kgautam\.m2\repository\com\google\j2objc\j2objc-annotations\1.1\j2objc-annotations-1.1.jar;C:\Users\kgautam\.m2\repository\org\codehaus\mojo\animal-sniffer-annotations\1.14\animal-sniffer-annotations-1.14.jar;C:\Users\kgautam\.m2\repository\org\apache\commons\commons-collections4\4.1\commons-collections4-4.1.jar;C:\Users\kgautam\.m2\repository\com\comcast\magic-wand\appium\4.0.3\appium-4.0.3.jar;C:\Users\kgautam\.m2\repository\com\comcast\video\dawg\dawg-common\2.0.1\dawg-common-2.0.1.jar;C:\Users\kgautam\.m2\repository\com\comcast\video\stb-io-api\2.0.1\stb-io-api-2.0.1.jar;C:\Users\kgautam\.m2\repository\org\ini4j\ini4j\0.5.4\ini4j-0.5.4.jar;C:\Users\kgautam\.m2\repository\org\easymock\easymock\3.1\easymock-3.1.jar;C:\Users\kgautam\.m2\repository\cglib\cglib-nodep\2.2.2\cglib-nodep-2.2.2.jar;C:\Users\kgautam\.m2\repository\org\objenesis\objenesis\1.2\objenesis-1.2.jar;C:\Users\kgautam\.m2\repository\javax\servlet\servlet-api\2.5\servlet-api-2.5.jar;C:\Users\kgautam\.m2\repository\javax\servlet\jstl\1.2\jstl-1.2.jar;C:\Users\kgautam\.m2\repository\org\springframework\spring-oxm\3.2.14.RELEASE\spring-oxm-3.2.14.RELEASE.jar;C:\Users\kgautam\.m2\repository\org\springframework\spring-context\3.2.14.RELEASE\spring-context-3.2.14.RELEASE.jar;C:\Users\kgautam\.m2\repository\org\springframework\spring-aop\3.2.14.RELEASE\spring-aop-3.2.14.RELEASE.jar;C:\Users\kgautam\.m2\repository\aopalliance\aopalliance\1.0\aopalliance-1.0.jar;C:\Users\kgautam\.m2\repository\org\springframework\spring-expression\3.2.14.RELEASE\spring-expression-3.2.14.RELEASE.jar;C:\Users\kgautam\.m2\repository\org\springframework\spring-webmvc\3.2.14.RELEASE\spring-webmvc-3.2.14.RELEASE.jar;C:\Users\kgautam\.m2\repository\org\springframework\spring-core\3.2.14.RELEASE\spring-core-3.2.14.RELEASE.jar;C:\Users\kgautam\.m2\repository\org\springframework\spring-web\3.2.14.RELEASE\spring-web-3.2.14.RELEASE.jar;C:\Users\kgautam\.m2\repository\org\springframework\spring-jdbc\3.2.14.RELEASE\spring-jdbc-3.2.14.RELEASE.jar;C:\Users\kgautam\.m2\repository\org\springframework\spring-tx\3.2.14.RELEASE\spring-tx-3.2.14.RELEASE.jar;C:\Users\kgautam\.m2\repository\org\springframework\spring-beans\3.2.14.RELEASE\spring-beans-3.2.14.RELEASE.jar;C:\Users\kgautam\.m2\repository\org\springframework\spring-test\3.2.14.RELEASE\spring-test-3.2.14.RELEASE.jar;C:\Users\kgautam\.m2\repository\junit\junit\4.10\junit-4.10.jar;C:\Users\kgautam\.m2\repository\org\aspectj\aspectjrt\1.7.0\aspectjrt-1.7.0.jar;C:\Users\kgautam\.m2\repository\org\slf4j\jcl-over-slf4j\1.7.1\jcl-over-slf4j-1.7.1.jar;C:\Users\kgautam\.m2\repository\commons-io\commons-io\2.4\commons-io-2.4.jar;C:\Users\kgautam\.m2\repository\commons-lang\commons-lang\2.6\commons-lang-2.6.jar;C:\Users\kgautam\.m2\repository\com\comcast\cereal\cereal\4.0.2\cereal-4.0.2.jar;C:\Users\kgautam\.m2\repository\commons-beanutils\commons-beanutils\1.7.0\commons-beanutils-1.7.0.jar;C:\Users\kgautam\.m2\repository\org\yaml\snakeyaml\1.11\snakeyaml-1.11.jar;C:\Users\kgautam\.m2\repository\joda-time\joda-time\1.5\joda-time-1.5.jar;C:\Users\kgautam\.m2\repository\org\json\json\20140107\json-20140107.jar;C:\Users\kgautam\.m2\repository\org\codehaus\jackson\jackson-mapper-asl\1.9.12\jackson-mapper-asl-1.9.12.jar;C:\Users\kgautam\.m2\repository\org\codehaus\jackson\jackson-core-asl\1.9.12\jackson-core-asl-1.9.12.jar;C:\Users\kgautam\.m2\repository\com\comcast\pantry\pantry\2.0.8\pantry-2.0.8.jar;C:\Users\kgautam\.m2\repository\org\apache\commons\commons-compress\1.9\commons-compress-1.9.jar;C:\Users\kgautam\.m2\repository\log4j\log4j\1.2.17\log4j-1.2.17.jar;C:\Users\kgautam\.m2\repository\org\eclipse\jetty\websocket\websocket-client\9.1.0.M0\websocket-client-9.1.0.M0.jar;C:\Users\kgautam\.m2\repository\org\eclipse\jetty\jetty-util\9.1.0.M0\jetty-util-9.1.0.M0.jar;C:\Users\kgautam\.m2\repository\org\eclipse\jetty\jetty-io\9.1.0.M0\jetty-io-9.1.0.M0.jar;C:\Users\kgautam\.m2\repository\org\eclipse\jetty\websocket\websocket-common\9.1.0.M0\websocket-common-9.1.0.M0.jar;C:\Users\kgautam\.m2\repository\org\eclipse\jetty\websocket\websocket-api\9.1.0.M0\websocket-api-9.1.0.M0.jar;C:\Users\kgautam\.m2\repository\javax\inject\javax.inject\1\javax.inject-1.jar;C:\Users\kgautam\.m2\repository\org\springframework\data\spring-data-mongodb\1.5.4.RELEASE\spring-data-mongodb-1.5.4.RELEASE.jar;C:\Users\kgautam\.m2\repository\org\springframework\data\spring-data-commons\1.8.4.RELEASE\spring-data-commons-1.8.4.RELEASE.jar;C:\Users\kgautam\.m2\repository\org\mongodb\mongo-java-driver\2.12.1\mongo-java-driver-2.12.1.jar;C:\Users\kgautam\.m2\repository\taglibs\standard\1.1.2\standard-1.1.2.jar;C:\Users\kgautam\.m2\repository\eu\bitwalker\UserAgentUtils\1.18\UserAgentUtils-1.18.jar;C:\Users\kgautam\.m2\repository\org\eclipse\jetty\aggregate\jetty-all-server\7.6.7.v20120910\jetty-all-server-7.6.7.v20120910.jar;C:\Users\kgautam\.m2\repository\org\eclipse\jetty\orbit\javax.security.auth.message\1.0.0.v201108011116\javax.security.auth.message-1.0.0.v201108011116.jar;C:\Users\kgautam\.m2\repository\org\eclipse\jetty\orbit\javax.mail.glassfish\1.4.1.v201005082020\javax.mail.glassfish-1.4.1.v201005082020.jar;C:\Users\kgautam\.m2\repository\org\eclipse\jetty\orbit\javax.activation\1.1.0.v201105071233\javax.activation-1.1.0.v201105071233.jar;C:\Users\kgautam\.m2\repository\org\eclipse\jetty\orbit\javax.annotation\1.1.0.v201108011116\javax.annotation-1.1.0.v201108011116.jar;C:\Users\kgautam\.m2\repository\org\reflections\reflections\0.9.9-RC2\reflections-0.9.9-RC2.jar;C:\Users\kgautam\.m2\repository\org\javassist\javassist\3.18.2-GA\javassist-3.18.2-GA.jar;C:\Users\kgautam\.m2\repository\com\google\code\findbugs\annotations\2.0.1\annotations-2.0.1.jar;C:\Users\kgautam\.m2\repository\dom4j\dom4j\1.6.1\dom4j-1.6.1.jar;C:\Users\kgautam\.m2\repository\xml-apis\xml-apis\1.0.b2\xml-apis-1.0.b2.jar;C:\Users\kgautam\.m2\repository\com\comcast\video\dawg\dawg-client\2.0.1\dawg-client-2.0.1.jar;C:\Users\kgautam\.m2\repository\com\comcast\drivethru\drive-thru\2.0.3\drive-thru-2.0.3.jar;C:\Users\kgautam\.m2\repository\oauth\signpost\signpost-core\1.2.1\signpost-core-1.2.1.jar;C:\Users\kgautam\.m2\repository\oauth\signpost\signpost-commonshttp4\1.2.1\signpost-commonshttp4-1.2.1.jar;C:\Users\kgautam\.m2\repository\com\comcast\magic-wand\core\4.0.3\core-4.0.3.jar;C:\Users\kgautam\.m2\repository\io\appium\java-client\2.2.0\java-client-2.2.0.jar;C:\Users\kgautam\.m2\repository\cglib\cglib\3.1\cglib-3.1.jar;C:\Users\kgautam\.m2\repository\org\ow2\asm\asm\4.2\asm-4.2.jar;C:\Users\kgautam\.m2\repository\ch\qos\logback\logback-classic\1.1.2\logback-classic-1.1.2.jar;C:\Users\kgautam\.m2\repository\ch\qos\logback\logback-core\1.1.2\logback-core-1.1.2.jar;C:\Users\kgautam\.m2\repository\io\rest-assured\rest-assured\3.0.7\rest-assured-3.0.7.jar;C:\Users\kgautam\.m2\repository\org\codehaus\groovy\groovy\2.4.12\groovy-2.4.12.jar;C:\Users\kgautam\.m2\repository\org\codehaus\groovy\groovy-xml\2.4.12\groovy-xml-2.4.12.jar;C:\Users\kgautam\.m2\repository\org\apache\httpcomponents\httpmime\4.5.1\httpmime-4.5.1.jar;C:\Users\kgautam\.m2\repository\org\hamcrest\hamcrest-core\1.3\hamcrest-core-1.3.jar;C:\Users\kgautam\.m2\repository\org\hamcrest\hamcrest-library\1.3\hamcrest-library-1.3.jar;C:\Users\kgautam\.m2\repository\org\ccil\cowan\tagsoup\tagsoup\1.2.1\tagsoup-1.2.1.jar;C:\Users\kgautam\.m2\repository\io\rest-assured\json-path\3.0.7\json-path-3.0.7.jar;C:\Users\kgautam\.m2\repository\org\codehaus\groovy\groovy-json\2.4.12\groovy-json-2.4.12.jar;C:\Users\kgautam\.m2\repository\io\rest-assured\rest-assured-common\3.0.7\rest-assured-common-3.0.7.jar;C:\Users\kgautam\.m2\repository\io\rest-assured\xml-path\3.0.7\xml-path-3.0.7.jar;C:\Users\kgautam\.m2\repository\org\apache\commons\commons-lang3\3.4\commons-lang3-3.4.jar;C:\Users\kgautam\.m2\repository\javax\xml\bind\jaxb-api\2.2.12\jaxb-api-2.2.12.jar;C:\Users\kgautam\.m2\repository\org\testng\testng\6.14.3\testng-6.14.3.jar;C:\Users\kgautam\.m2\repository\com\beust\jcommander\1.72\jcommander-1.72.jar;C:\Users\kgautam\.m2\repository\org\apache-extras\beanshell\bsh\2.0b6\bsh-2.0b6.jar;C:\Users\kgautam\.m2\repository\org\apache\maven\maven-plugin-api\3.5.3\maven-plugin-api-3.5.3.jar;C:\Users\kgautam\.m2\repository\org\apache\maven\maven-model\3.5.3\maven-model-3.5.3.jar;C:\Users\kgautam\.m2\repository\org\apache\maven\maven-artifact\3.5.3\maven-artifact-3.5.3.jar;C:\Users\kgautam\.m2\repository\org\eclipse\sisu\org.eclipse.sisu.plexus\0.3.3\org.eclipse.sisu.plexus-0.3.3.jar;C:\Users\kgautam\.m2\repository\javax\enterprise\cdi-api\1.0\cdi-api-1.0.jar;C:\Users\kgautam\.m2\repository\javax\annotation\jsr250-api\1.0\jsr250-api-1.0.jar;C:\Users\kgautam\.m2\repository\org\eclipse\sisu\org.eclipse.sisu.inject\0.3.3\org.eclipse.sisu.inject-0.3.3.jar;C:\Users\kgautam\.m2\repository\org\codehaus\plexus\plexus-component-annotations\1.5.5\plexus-component-annotations-1.5.5.jar;C:\Users\kgautam\.m2\repository\org\codehaus\plexus\plexus-utils\3.1.0\plexus-utils-3.1.0.jar;C:\Users\kgautam\.m2\repository\org\codehaus\plexus\plexus-classworlds\2.5.2\plexus-classworlds-2.5.2.jar;C:\Users\kgautam\.m2\repository\com\sikulix\sikulixapi\1.1.0\sikulixapi-1.1.0.jar;C:\Users\kgautam\.m2\repository\commons-cli\commons-cli\1.2\commons-cli-1.2.jar;C:\Users\kgautam\.m2\repository\com\melloware\jintellitype\1.3.7\jintellitype-1.3.7.jar;C:\Users\kgautam\.m2\repository\jxgrabkey\jxgrabkey\1.0\jxgrabkey-1.0.jar;C:\Users\kgautam\.m2\repository\org\swinglabs\swing-layout\1.0.3\swing-layout-1.0.3.jar;C:\Users\kgautam\.m2\repository\com\nativelibs4java\bridj\0.6.2\bridj-0.6.2.jar;C:\Users\kgautam\.m2\repository\com\sikulix\sikulixlibswin\1.1.0\sikulixlibswin-1.1.0.jar;C:\Users\kgautam\.m2\repository\org\sikuli\sikuli-api\1.2.0\sikuli-api-1.2.0.jar;C:\Users\kgautam\.m2\repository\org\sikuli\sikuli-core\1.2.2\sikuli-core-1.2.2.jar;C:\Users\kgautam\.m2\repository\org\piccolo2d\piccolo2d-extras\1.3.1\piccolo2d-extras-1.3.1.jar;C:\Users\kgautam\.m2\repository\org\piccolo2d\piccolo2d-core\1.3.1\piccolo2d-core-1.3.1.jar;C:\Users\kgautam\.m2\repository\org\slf4j\slf4j-api\1.6.6\slf4j-api-1.6.6.jar;C:\Users\kgautam\.m2\repository\org\sikuli\sikuli-webdriver\1.0.1\sikuli-webdriver-1.0.1.jar;C:\Users\kgautam\.m2\repository\com\aventstack\extentreports\3.1.5\extentreports-3.1.5.jar;C:\Users\kgautam\.m2\repository\org\freemarker\freemarker\2.3.23\freemarker-2.3.23.jar;C:\Users\kgautam\.m2\repository\org\mongodb\mongodb-driver\3.3.0\mongodb-driver-3.3.0.jar;C:\Users\kgautam\.m2\repository\org\mongodb\bson\3.3.0\bson-3.3.0.jar;C:\Users\kgautam\.m2\repository\org\mongodb\mongodb-driver-core\3.3.0\mongodb-driver-core-3.3.0.jar;C:\Users\kgautam\.m2\repository\org\jsoup\jsoup\1.9.2\jsoup-1.9.2.jar;C:\Users\kgautam\.m2\repository\com\relevantcodes\extentreports\2.41.2\extentreports-2.41.2.jar;C:\Users\kgautam\.m2\repository\org\xerial\sqlite-jdbc\3.8.11.1\sqlite-jdbc-3.8.11.1.jar;C:\Users\kgautam\.m2\repository\org\apache\logging\log4j\log4j-api\2.11.0\log4j-api-2.11.0.jar;C:\Users\kgautam\.m2\repository\org\apache\logging\log4j\log4j-core\2.11.0\log4j-core-2.11.0.jar;C:\Users\kgautam\.m2\repository\org\apache\poi\poi\3.17\poi-3.17.jar;C:\Users\kgautam\.m2\repository\org\apache\poi\poi-ooxml\3.17\poi-ooxml-3.17.jar;C:\Users\kgautam\.m2\repository\org\apache\poi\poi-ooxml-schemas\3.17\poi-ooxml-schemas-3.17.jar;C:\Users\kgautam\.m2\repository\org\apache\xmlbeans\xmlbeans\2.6.0\xmlbeans-2.6.0.jar;C:\Users\kgautam\.m2\repository\stax\stax-api\1.0.1\stax-api-1.0.1.jar;C:\Users\kgautam\.m2\repository\com\github\virtuald\curvesapi\1.04\curvesapi-1.04.jar;C:\Users\kgautam\.m2\repository\javax\mail\javax.mail-api\1.6.1\javax.mail-api-1.6.1.jar;C:\Users\kgautam\.m2\repository\javax\activation\activation\1.1\activation-1.1.jar;C:\Users\kgautam\.m2\repository\com\googlecode\javacpp\javacpp\0.7\javacpp-0.7.jar;C:\Users\kgautam\.m2\repository\org\bytedeco\javacv\0.8\javacv-0.8.jar;C:\Users\kgautam\.m2\repository\org\bytedeco\javacpp\0.8\javacpp-0.8.jar;C:\Users\kgautam\.m2\repository\org\bytedeco\javacpp-presets\opencv\2.4.9-0.8\opencv-2.4.9-0.8.jar;C:\Users\kgautam\.m2\repository\org\bytedeco\javacpp-presets\ffmpeg\2.2.1-0.8\ffmpeg-2.2.1-0.8.jar;C:\Users\kgautam\.m2\repository\org\bytedeco\javacpp-presets\flycapture\1.7.17-0.8\flycapture-1.7.17-0.8.jar;C:\Users\kgautam\.m2\repository\org\bytedeco\javacpp-presets\libdc1394\2.2.2-0.8\libdc1394-2.2.2-0.8.jar;C:\Users\kgautam\.m2\repository\org\bytedeco\javacpp-presets\libfreenect\0.4-0.8\libfreenect-0.4-0.8.jar;C:\Users\kgautam\.m2\repository\org\bytedeco\javacpp-presets\videoinput\0.200-0.8\videoinput-0.200-0.8.jar;C:\Users\kgautam\.m2\repository\org\bytedeco\javacpp-presets\artoolkitplus\2.3.0-0.8\artoolkitplus-2.3.0-0.8.jar;C:\Users\kgautam\.m2\repository\org\bytedeco\javacpp-presets\opencv\2.4.9-0.8\opencv-2.4.9-0.8-windows-x86_64.jar;C:\Users\kgautam\.m2\repository\org\bytedeco\javacpp-presets\ffmpeg\2.2.1-0.8\ffmpeg-2.2.1-0.8-windows-x86_64.jar;C:\Users\kgautam\.m2\repository\org\bytedeco\javacpp-presets\flycapture\1.7.17-0.8\flycapture-1.7.17-0.8-windows-x86_64.jar;C:\Users\kgautam\.m2\repository\org\bytedeco\javacpp-presets\libdc1394\2.2.2-0.8\libdc1394-2.2.2-0.8-windows-x86_64.jar;C:\Users\kgautam\.m2\repository\org\bytedeco\javacpp-presets\libfreenect\0.4-0.8\libfreenect-0.4-0.8-windows-x86_64.jar;C:\Users\kgautam\.m2\repository\org\bytedeco\javacpp-presets\videoinput\0.200-0.8\videoinput-0.200-0.8-windows-x86_64.jar;C:\Users\kgautam\.m2\repository\org\bytedeco\javacpp-presets\artoolkitplus\2.3.0-0.8\artoolkitplus-2.3.0-0.8-windows-x86_64.jar;C:\Users\kgautam\.m2\repository\org\apache\maven\surefire\surefire-testng-utils\2.21.0\surefire-testng-utils-2.21.0.jar;C:\Users\kgautam\.m2\repository\org\apache\maven\surefire\surefire-grouper\2.21.0\surefire-grouper-2.21.0.jar;"/>
    <property name="java.vm.vendor" value="Oracle Corporation"/>
    <property name="sun.arch.data.model" value="64"/>
    <property name="user.variant" value=""/>
    <property name="java.vendor.url" value="http://java.oracle.com/"/>
    <property name="user.timezone" value="Asia/Calcutta"/>
    <property name="java.vm.specification.version" value="1.8"/>
    <property name="os.name" value="Windows 7"/>
    <property name="user.country" value="US"/>
    <property name="sun.java.launcher" value="SUN_STANDARD"/>
    <property name="sun.boot.library.path" value="C:\sun\jdk\1.8.0_45\jre\bin"/>
    <property name="sun.java.command" value="C:\Users\kgautam\AppData\Local\Temp\surefire2486529974037168964\surefirebooter7509253582730245415.jar C:\Users\kgautam\AppData\Local\Temp\surefire2486529974037168964 2018-04-23T22-47-32_447-jvmRun1 surefire5546162906609923903tmp surefire_06271225139679616999tmp"/>
    <property name="surefire.test.class.path" value="C:\Users\kgautam\E2E\target\test-classes;C:\Users\kgautam\E2E\target\classes;C:\Users\kgautam\.m2\repository\org\seleniumhq\selenium\selenium-java\3.11.0\selenium-java-3.11.0.jar;C:\Users\kgautam\.m2\repository\org\seleniumhq\selenium\selenium-api\3.11.0\selenium-api-3.11.0.jar;C:\Users\kgautam\.m2\repository\org\seleniumhq\selenium\selenium-chrome-driver\3.11.0\selenium-chrome-driver-3.11.0.jar;C:\Users\kgautam\.m2\repository\org\seleniumhq\selenium\selenium-edge-driver\3.11.0\selenium-edge-driver-3.11.0.jar;C:\Users\kgautam\.m2\repository\org\seleniumhq\selenium\selenium-firefox-driver\3.11.0\selenium-firefox-driver-3.11.0.jar;C:\Users\kgautam\.m2\repository\org\seleniumhq\selenium\selenium-ie-driver\3.11.0\selenium-ie-driver-3.11.0.jar;C:\Users\kgautam\.m2\repository\org\seleniumhq\selenium\selenium-opera-driver\3.11.0\selenium-opera-driver-3.11.0.jar;C:\Users\kgautam\.m2\repository\org\seleniumhq\selenium\selenium-remote-driver\3.11.0\selenium-remote-driver-3.11.0.jar;C:\Users\kgautam\.m2\repository\org\seleniumhq\selenium\selenium-safari-driver\3.11.0\selenium-safari-driver-3.11.0.jar;C:\Users\kgautam\.m2\repository\org\seleniumhq\selenium\selenium-support\3.11.0\selenium-support-3.11.0.jar;C:\Users\kgautam\.m2\repository\net\bytebuddy\byte-buddy\1.7.9\byte-buddy-1.7.9.jar;C:\Users\kgautam\.m2\repository\org\apache\commons\commons-exec\1.3\commons-exec-1.3.jar;C:\Users\kgautam\.m2\repository\commons-codec\commons-codec\1.10\commons-codec-1.10.jar;C:\Users\kgautam\.m2\repository\commons-logging\commons-logging\1.2\commons-logging-1.2.jar;C:\Users\kgautam\.m2\repository\com\google\code\gson\gson\2.8.2\gson-2.8.2.jar;C:\Users\kgautam\.m2\repository\org\apache\httpcomponents\httpclient\4.5.3\httpclient-4.5.3.jar;C:\Users\kgautam\.m2\repository\org\apache\httpcomponents\httpcore\4.4.6\httpcore-4.4.6.jar;C:\Users\kgautam\.m2\repository\com\squareup\okhttp3\okhttp\3.9.1\okhttp-3.9.1.jar;C:\Users\kgautam\.m2\repository\com\squareup\okio\okio\1.13.0\okio-1.13.0.jar;C:\Users\kgautam\.m2\repository\com\google\guava\guava\22.0\guava-22.0.jar;C:\Users\kgautam\.m2\repository\com\google\code\findbugs\jsr305\1.3.9\jsr305-1.3.9.jar;C:\Users\kgautam\.m2\repository\com\google\errorprone\error_prone_annotations\2.0.18\error_prone_annotations-2.0.18.jar;C:\Users\kgautam\.m2\repository\com\google\j2objc\j2objc-annotations\1.1\j2objc-annotations-1.1.jar;C:\Users\kgautam\.m2\repository\org\codehaus\mojo\animal-sniffer-annotations\1.14\animal-sniffer-annotations-1.14.jar;C:\Users\kgautam\.m2\repository\org\apache\commons\commons-collections4\4.1\commons-collections4-4.1.jar;C:\Users\kgautam\.m2\repository\com\comcast\magic-wand\appium\4.0.3\appium-4.0.3.jar;C:\Users\kgautam\.m2\repository\com\comcast\video\dawg\dawg-common\2.0.1\dawg-common-2.0.1.jar;C:\Users\kgautam\.m2\repository\com\comcast\video\stb-io-api\2.0.1\stb-io-api-2.0.1.jar;C:\Users\kgautam\.m2\repository\org\ini4j\ini4j\0.5.4\ini4j-0.5.4.jar;C:\Users\kgautam\.m2\repository\org\easymock\easymock\3.1\easymock-3.1.jar;C:\Users\kgautam\.m2\repository\cglib\cglib-nodep\2.2.2\cglib-nodep-2.2.2.jar;C:\Users\kgautam\.m2\repository\org\objenesis\objenesis\1.2\objenesis-1.2.jar;C:\Users\kgautam\.m2\repository\javax\servlet\servlet-api\2.5\servlet-api-2.5.jar;C:\Users\kgautam\.m2\repository\javax\servlet\jstl\1.2\jstl-1.2.jar;C:\Users\kgautam\.m2\repository\org\springframework\spring-oxm\3.2.14.RELEASE\spring-oxm-3.2.14.RELEASE.jar;C:\Users\kgautam\.m2\repository\org\springframework\spring-context\3.2.14.RELEASE\spring-context-3.2.14.RELEASE.jar;C:\Users\kgautam\.m2\repository\org\springframework\spring-aop\3.2.14.RELEASE\spring-aop-3.2.14.RELEASE.jar;C:\Users\kgautam\.m2\repository\aopalliance\aopalliance\1.0\aopalliance-1.0.jar;C:\Users\kgautam\.m2\repository\org\springframework\spring-expression\3.2.14.RELEASE\spring-expression-3.2.14.RELEASE.jar;C:\Users\kgautam\.m2\repository\org\springframework\spring-webmvc\3.2.14.RELEASE\spring-webmvc-3.2.14.RELEASE.jar;C:\Users\kgautam\.m2\repository\org\springframework\spring-core\3.2.14.RELEASE\spring-core-3.2.14.RELEASE.jar;C:\Users\kgautam\.m2\repository\org\springframework\spring-web\3.2.14.RELEASE\spring-web-3.2.14.RELEASE.jar;C:\Users\kgautam\.m2\repository\org\springframework\spring-jdbc\3.2.14.RELEASE\spring-jdbc-3.2.14.RELEASE.jar;C:\Users\kgautam\.m2\repository\org\springframework\spring-tx\3.2.14.RELEASE\spring-tx-3.2.14.RELEASE.jar;C:\Users\kgautam\.m2\repository\org\springframework\spring-beans\3.2.14.RELEASE\spring-beans-3.2.14.RELEASE.jar;C:\Users\kgautam\.m2\repository\org\springframework\spring-test\3.2.14.RELEASE\spring-test-3.2.14.RELEASE.jar;C:\Users\kgautam\.m2\repository\junit\junit\4.10\junit-4.10.jar;C:\Users\kgautam\.m2\repository\org\aspectj\aspectjrt\1.7.0\aspectjrt-1.7.0.jar;C:\Users\kgautam\.m2\repository\org\slf4j\jcl-over-slf4j\1.7.1\jcl-over-slf4j-1.7.1.jar;C:\Users\kgautam\.m2\repository\commons-io\commons-io\2.4\commons-io-2.4.jar;C:\Users\kgautam\.m2\repository\commons-lang\commons-lang\2.6\commons-lang-2.6.jar;C:\Users\kgautam\.m2\repository\com\comcast\cereal\cereal\4.0.2\cereal-4.0.2.jar;C:\Users\kgautam\.m2\repository\commons-beanutils\commons-beanutils\1.7.0\commons-beanutils-1.7.0.jar;C:\Users\kgautam\.m2\repository\org\yaml\snakeyaml\1.11\snakeyaml-1.11.jar;C:\Users\kgautam\.m2\repository\joda-time\joda-time\1.5\joda-time-1.5.jar;C:\Users\kgautam\.m2\repository\org\json\json\20140107\json-20140107.jar;C:\Users\kgautam\.m2\repository\org\codehaus\jackson\jackson-mapper-asl\1.9.12\jackson-mapper-asl-1.9.12.jar;C:\Users\kgautam\.m2\repository\org\codehaus\jackson\jackson-core-asl\1.9.12\jackson-core-asl-1.9.12.jar;C:\Users\kgautam\.m2\repository\com\comcast\pantry\pantry\2.0.8\pantry-2.0.8.jar;C:\Users\kgautam\.m2\repository\org\apache\commons\commons-compress\1.9\commons-compress-1.9.jar;C:\Users\kgautam\.m2\repository\log4j\log4j\1.2.17\log4j-1.2.17.jar;C:\Users\kgautam\.m2\repository\org\eclipse\jetty\websocket\websocket-client\9.1.0.M0\websocket-client-9.1.0.M0.jar;C:\Users\kgautam\.m2\repository\org\eclipse\jetty\jetty-util\9.1.0.M0\jetty-util-9.1.0.M0.jar;C:\Users\kgautam\.m2\repository\org\eclipse\jetty\jetty-io\9.1.0.M0\jetty-io-9.1.0.M0.jar;C:\Users\kgautam\.m2\repository\org\eclipse\jetty\websocket\websocket-common\9.1.0.M0\websocket-common-9.1.0.M0.jar;C:\Users\kgautam\.m2\repository\org\eclipse\jetty\websocket\websocket-api\9.1.0.M0\websocket-api-9.1.0.M0.jar;C:\Users\kgautam\.m2\repository\javax\inject\javax.inject\1\javax.inject-1.jar;C:\Users\kgautam\.m2\repository\org\springframework\data\spring-data-mongodb\1.5.4.RELEASE\spring-data-mongodb-1.5.4.RELEASE.jar;C:\Users\kgautam\.m2\repository\org\springframework\data\spring-data-commons\1.8.4.RELEASE\spring-data-commons-1.8.4.RELEASE.jar;C:\Users\kgautam\.m2\repository\org\mongodb\mongo-java-driver\2.12.1\mongo-java-driver-2.12.1.jar;C:\Users\kgautam\.m2\repository\taglibs\standard\1.1.2\standard-1.1.2.jar;C:\Users\kgautam\.m2\repository\eu\bitwalker\UserAgentUtils\1.18\UserAgentUtils-1.18.jar;C:\Users\kgautam\.m2\repository\org\eclipse\jetty\aggregate\jetty-all-server\7.6.7.v20120910\jetty-all-server-7.6.7.v20120910.jar;C:\Users\kgautam\.m2\repository\org\eclipse\jetty\orbit\javax.security.auth.message\1.0.0.v201108011116\javax.security.auth.message-1.0.0.v201108011116.jar;C:\Users\kgautam\.m2\repository\org\eclipse\jetty\orbit\javax.mail.glassfish\1.4.1.v201005082020\javax.mail.glassfish-1.4.1.v201005082020.jar;C:\Users\kgautam\.m2\repository\org\eclipse\jetty\orbit\javax.activation\1.1.0.v201105071233\javax.activation-1.1.0.v201105071233.jar;C:\Users\kgautam\.m2\repository\org\eclipse\jetty\orbit\javax.annotation\1.1.0.v201108011116\javax.annotation-1.1.0.v201108011116.jar;C:\Users\kgautam\.m2\repository\org\reflections\reflections\0.9.9-RC2\reflections-0.9.9-RC2.jar;C:\Users\kgautam\.m2\repository\org\javassist\javassist\3.18.2-GA\javassist-3.18.2-GA.jar;C:\Users\kgautam\.m2\repository\com\google\code\findbugs\annotations\2.0.1\annotations-2.0.1.jar;C:\Users\kgautam\.m2\repository\dom4j\dom4j\1.6.1\dom4j-1.6.1.jar;C:\Users\kgautam\.m2\repository\xml-apis\xml-apis\1.0.b2\xml-apis-1.0.b2.jar;C:\Users\kgautam\.m2\repository\com\comcast\video\dawg\dawg-client\2.0.1\dawg-client-2.0.1.jar;C:\Users\kgautam\.m2\repository\com\comcast\drivethru\drive-thru\2.0.3\drive-thru-2.0.3.jar;C:\Users\kgautam\.m2\repository\oauth\signpost\signpost-core\1.2.1\signpost-core-1.2.1.jar;C:\Users\kgautam\.m2\repository\oauth\signpost\signpost-commonshttp4\1.2.1\signpost-commonshttp4-1.2.1.jar;C:\Users\kgautam\.m2\repository\com\comcast\magic-wand\core\4.0.3\core-4.0.3.jar;C:\Users\kgautam\.m2\repository\io\appium\java-client\2.2.0\java-client-2.2.0.jar;C:\Users\kgautam\.m2\repository\cglib\cglib\3.1\cglib-3.1.jar;C:\Users\kgautam\.m2\repository\org\ow2\asm\asm\4.2\asm-4.2.jar;C:\Users\kgautam\.m2\repository\ch\qos\logback\logback-classic\1.1.2\logback-classic-1.1.2.jar;C:\Users\kgautam\.m2\repository\ch\qos\logback\logback-core\1.1.2\logback-core-1.1.2.jar;C:\Users\kgautam\.m2\repository\io\rest-assured\rest-assured\3.0.7\rest-assured-3.0.7.jar;C:\Users\kgautam\.m2\repository\org\codehaus\groovy\groovy\2.4.12\groovy-2.4.12.jar;C:\Users\kgautam\.m2\repository\org\codehaus\groovy\groovy-xml\2.4.12\groovy-xml-2.4.12.jar;C:\Users\kgautam\.m2\repository\org\apache\httpcomponents\httpmime\4.5.1\httpmime-4.5.1.jar;C:\Users\kgautam\.m2\repository\org\hamcrest\hamcrest-core\1.3\hamcrest-core-1.3.jar;C:\Users\kgautam\.m2\repository\org\hamcrest\hamcrest-library\1.3\hamcrest-library-1.3.jar;C:\Users\kgautam\.m2\repository\org\ccil\cowan\tagsoup\tagsoup\1.2.1\tagsoup-1.2.1.jar;C:\Users\kgautam\.m2\repository\io\rest-assured\json-path\3.0.7\json-path-3.0.7.jar;C:\Users\kgautam\.m2\repository\org\codehaus\groovy\groovy-json\2.4.12\groovy-json-2.4.12.jar;C:\Users\kgautam\.m2\repository\io\rest-assured\rest-assured-common\3.0.7\rest-assured-common-3.0.7.jar;C:\Users\kgautam\.m2\repository\io\rest-assured\xml-path\3.0.7\xml-path-3.0.7.jar;C:\Users\kgautam\.m2\repository\org\apache\commons\commons-lang3\3.4\commons-lang3-3.4.jar;C:\Users\kgautam\.m2\repository\javax\xml\bind\jaxb-api\2.2.12\jaxb-api-2.2.12.jar;C:\Users\kgautam\.m2\repository\org\testng\testng\6.14.3\testng-6.14.3.jar;C:\Users\kgautam\.m2\repository\com\beust\jcommander\1.72\jcommander-1.72.jar;C:\Users\kgautam\.m2\repository\org\apache-extras\beanshell\bsh\2.0b6\bsh-2.0b6.jar;C:\Users\kgautam\.m2\repository\org\apache\maven\maven-plugin-api\3.5.3\maven-plugin-api-3.5.3.jar;C:\Users\kgautam\.m2\repository\org\apache\maven\maven-model\3.5.3\maven-model-3.5.3.jar;C:\Users\kgautam\.m2\repository\org\apache\maven\maven-artifact\3.5.3\maven-artifact-3.5.3.jar;C:\Users\kgautam\.m2\repository\org\eclipse\sisu\org.eclipse.sisu.plexus\0.3.3\org.eclipse.sisu.plexus-0.3.3.jar;C:\Users\kgautam\.m2\repository\javax\enterprise\cdi-api\1.0\cdi-api-1.0.jar;C:\Users\kgautam\.m2\repository\javax\annotation\jsr250-api\1.0\jsr250-api-1.0.jar;C:\Users\kgautam\.m2\repository\org\eclipse\sisu\org.eclipse.sisu.inject\0.3.3\org.eclipse.sisu.inject-0.3.3.jar;C:\Users\kgautam\.m2\repository\org\codehaus\plexus\plexus-component-annotations\1.5.5\plexus-component-annotations-1.5.5.jar;C:\Users\kgautam\.m2\repository\org\codehaus\plexus\plexus-utils\3.1.0\plexus-utils-3.1.0.jar;C:\Users\kgautam\.m2\repository\org\codehaus\plexus\plexus-classworlds\2.5.2\plexus-classworlds-2.5.2.jar;C:\Users\kgautam\.m2\repository\com\sikulix\sikulixapi\1.1.0\sikulixapi-1.1.0.jar;C:\Users\kgautam\.m2\repository\commons-cli\commons-cli\1.2\commons-cli-1.2.jar;C:\Users\kgautam\.m2\repository\com\melloware\jintellitype\1.3.7\jintellitype-1.3.7.jar;C:\Users\kgautam\.m2\repository\jxgrabkey\jxgrabkey\1.0\jxgrabkey-1.0.jar;C:\Users\kgautam\.m2\repository\org\swinglabs\swing-layout\1.0.3\swing-layout-1.0.3.jar;C:\Users\kgautam\.m2\repository\com\nativelibs4java\bridj\0.6.2\bridj-0.6.2.jar;C:\Users\kgautam\.m2\repository\com\sikulix\sikulixlibswin\1.1.0\sikulixlibswin-1.1.0.jar;C:\Users\kgautam\.m2\repository\org\sikuli\sikuli-api\1.2.0\sikuli-api-1.2.0.jar;C:\Users\kgautam\.m2\repository\org\sikuli\sikuli-core\1.2.2\sikuli-core-1.2.2.jar;C:\Users\kgautam\.m2\repository\org\piccolo2d\piccolo2d-extras\1.3.1\piccolo2d-extras-1.3.1.jar;C:\Users\kgautam\.m2\repository\org\piccolo2d\piccolo2d-core\1.3.1\piccolo2d-core-1.3.1.jar;C:\Users\kgautam\.m2\repository\org\slf4j\slf4j-api\1.6.6\slf4j-api-1.6.6.jar;C:\Users\kgautam\.m2\repository\org\sikuli\sikuli-webdriver\1.0.1\sikuli-webdriver-1.0.1.jar;C:\Users\kgautam\.m2\repository\com\aventstack\extentreports\3.1.5\extentreports-3.1.5.jar;C:\Users\kgautam\.m2\repository\org\freemarker\freemarker\2.3.23\freemarker-2.3.23.jar;C:\Users\kgautam\.m2\repository\org\mongodb\mongodb-driver\3.3.0\mongodb-driver-3.3.0.jar;C:\Users\kgautam\.m2\repository\org\mongodb\bson\3.3.0\bson-3.3.0.jar;C:\Users\kgautam\.m2\repository\org\mongodb\mongodb-driver-core\3.3.0\mongodb-driver-core-3.3.0.jar;C:\Users\kgautam\.m2\repository\org\jsoup\jsoup\1.9.2\jsoup-1.9.2.jar;C:\Users\kgautam\.m2\repository\com\relevantcodes\extentreports\2.41.2\extentreports-2.41.2.jar;C:\Users\kgautam\.m2\repository\org\xerial\sqlite-jdbc\3.8.11.1\sqlite-jdbc-3.8.11.1.jar;C:\Users\kgautam\.m2\repository\org\apache\logging\log4j\log4j-api\2.11.0\log4j-api-2.11.0.jar;C:\Users\kgautam\.m2\repository\org\apache\logging\log4j\log4j-core\2.11.0\log4j-core-2.11.0.jar;C:\Users\kgautam\.m2\repository\org\apache\poi\poi\3.17\poi-3.17.jar;C:\Users\kgautam\.m2\repository\org\apache\poi\poi-ooxml\3.17\poi-ooxml-3.17.jar;C:\Users\kgautam\.m2\repository\org\apache\poi\poi-ooxml-schemas\3.17\poi-ooxml-schemas-3.17.jar;C:\Users\kgautam\.m2\repository\org\apache\xmlbeans\xmlbeans\2.6.0\xmlbeans-2.6.0.jar;C:\Users\kgautam\.m2\repository\stax\stax-api\1.0.1\stax-api-1.0.1.jar;C:\Users\kgautam\.m2\repository\com\github\virtuald\curvesapi\1.04\curvesapi-1.04.jar;C:\Users\kgautam\.m2\repository\javax\mail\javax.mail-api\1.6.1\javax.mail-api-1.6.1.jar;C:\Users\kgautam\.m2\repository\javax\activation\activation\1.1\activation-1.1.jar;C:\Users\kgautam\.m2\repository\com\googlecode\javacpp\javacpp\0.7\javacpp-0.7.jar;C:\Users\kgautam\.m2\repository\org\bytedeco\javacv\0.8\javacv-0.8.jar;C:\Users\kgautam\.m2\repository\org\bytedeco\javacpp\0.8\javacpp-0.8.jar;C:\Users\kgautam\.m2\repository\org\bytedeco\javacpp-presets\opencv\2.4.9-0.8\opencv-2.4.9-0.8.jar;C:\Users\kgautam\.m2\repository\org\bytedeco\javacpp-presets\ffmpeg\2.2.1-0.8\ffmpeg-2.2.1-0.8.jar;C:\Users\kgautam\.m2\repository\org\bytedeco\javacpp-presets\flycapture\1.7.17-0.8\flycapture-1.7.17-0.8.jar;C:\Users\kgautam\.m2\repository\org\bytedeco\javacpp-presets\libdc1394\2.2.2-0.8\libdc1394-2.2.2-0.8.jar;C:\Users\kgautam\.m2\repository\org\bytedeco\javacpp-presets\libfreenect\0.4-0.8\libfreenect-0.4-0.8.jar;C:\Users\kgautam\.m2\repository\org\bytedeco\javacpp-presets\videoinput\0.200-0.8\videoinput-0.200-0.8.jar;C:\Users\kgautam\.m2\repository\org\bytedeco\javacpp-presets\artoolkitplus\2.3.0-0.8\artoolkitplus-2.3.0-0.8.jar;C:\Users\kgautam\.m2\repository\org\bytedeco\javacpp-presets\opencv\2.4.9-0.8\opencv-2.4.9-0.8-windows-x86_64.jar;C:\Users\kgautam\.m2\repository\org\bytedeco\javacpp-presets\ffmpeg\2.2.1-0.8\ffmpeg-2.2.1-0.8-windows-x86_64.jar;C:\Users\kgautam\.m2\repository\org\bytedeco\javacpp-presets\flycapture\1.7.17-0.8\flycapture-1.7.17-0.8-windows-x86_64.jar;C:\Users\kgautam\.m2\repository\org\bytedeco\javacpp-presets\libdc1394\2.2.2-0.8\libdc1394-2.2.2-0.8-windows-x86_64.jar;C:\Users\kgautam\.m2\repository\org\bytedeco\javacpp-presets\libfreenect\0.4-0.8\libfreenect-0.4-0.8-windows-x86_64.jar;C:\Users\kgautam\.m2\repository\org\bytedeco\javacpp-presets\videoinput\0.200-0.8\videoinput-0.200-0.8-windows-x86_64.jar;C:\Users\kgautam\.m2\repository\org\bytedeco\javacpp-presets\artoolkitplus\2.3.0-0.8\artoolkitplus-2.3.0-0.8-windows-x86_64.jar;C:\Users\kgautam\.m2\repository\org\apache\maven\surefire\surefire-testng-utils\2.21.0\surefire-testng-utils-2.21.0.jar;C:\Users\kgautam\.m2\repository\org\apache\maven\surefire\surefire-grouper\2.21.0\surefire-grouper-2.21.0.jar;"/>
    <property name="sun.cpu.endian" value="little"/>
    <property name="user.home" value="C:\Users\kgautam"/>
    <property name="user.language" value="en"/>
    <property name="java.specification.vendor" value="Oracle Corporation"/>
    <property name="java.home" value="C:\sun\jdk\1.8.0_45\jre"/>
    <property name="basedir" value="C:\Users\kgautam\E2E"/>
    <property name="file.separator" value="\"/>
    <property name="line.separator" value="&#10;"/>
    <property name="java.vm.specification.vendor" value="Oracle Corporation"/>
    <property name="java.specification.name" value="Java Platform API Specification"/>
    <property name="java.awt.graphicsenv" value="sun.awt.Win32GraphicsEnvironment"/>
    <property name="surefire.real.class.path" value="C:\Users\kgautam\AppData\Local\Temp\surefire2486529974037168964\surefirebooter7509253582730245415.jar"/>
    <property name="sun.boot.class.path" value="C:\sun\jdk\1.8.0_45\jre\lib\resources.jar;C:\sun\jdk\1.8.0_45\jre\lib\rt.jar;C:\sun\jdk\1.8.0_45\jre\lib\sunrsasign.jar;C:\sun\jdk\1.8.0_45\jre\lib\jsse.jar;C:\sun\jdk\1.8.0_45\jre\lib\jce.jar;C:\sun\jdk\1.8.0_45\jre\lib\charsets.jar;C:\sun\jdk\1.8.0_45\jre\lib\jfr.jar;C:\sun\jdk\1.8.0_45\jre\classes"/>
    <property name="user.script" value=""/>
    <property name="sun.management.compiler" value="HotSpot 64-Bit Tiered Compilers"/>
    <property name="java.runtime.version" value="1.8.0_45-b15"/>
    <property name="user.name" value="kgautam"/>
    <property name="path.separator" value=";"/>
    <property name="os.version" value="6.1"/>
    <property name="java.endorsed.dirs" value="C:\sun\jdk\1.8.0_45\jre\lib\endorsed"/>
    <property name="java.runtime.name" value="Java(TM) SE Runtime Environment"/>
    <property name="file.encoding" value="Cp1252"/>
    <property name="java.vm.name" value="Java HotSpot(TM) 64-Bit Server VM"/>
    <property name="localRepository" value="C:\Users\kgautam\.m2\repository"/>
    <property name="java.vendor.url.bug" value="http://bugreport.sun.com/bugreport/"/>
    <property name="java.io.tmpdir" value="C:\Users\kgautam\AppData\Local\Temp\"/>
    <property name="surefire.rerunFailingTestsCount" value="1"/>
    <property name="java.version" value="1.8.0_45"/>
    <property name="user.dir" value="C:\Users\kgautam\E2E"/>
    <property name="os.arch" value="amd64"/>
    <property name="java.vm.specification.name" value="Java Virtual Machine Specification"/>
    <property name="java.awt.printerjob" value="sun.awt.windows.WPrinterJob"/>
    <property name="sun.os.patch.level" value="Service Pack 1"/>
    <property name="java.library.path" value="C:\sun\jdk\1.8.0_45\jre\bin;C:\Windows\Sun\Java\bin;C:\Windows\system32;C:\Windows;C:\ProgramData\Oracle\Java\javapath;C:\Program Files (x86)\Intel\iCLS Client\;C:\Program Files\Intel\iCLS Client\;C:\Windows\system32;C:\Windows;C:\Windows\System32\Wbem;C:\Windows\System32\WindowsPowerShell\v1.0\;C:\Program Files\Intel\Intel(R) Management Engine Components\DAL;C:\Program Files (x86)\Intel\Intel(R) Management Engine Components\DAL;C:\Program Files\Intel\Intel(R) Management Engine Components\IPT;C:\Program Files (x86)\Intel\Intel(R) Management Engine Components\IPT;C:\Program Files\Lenovo\Fingerprint Manager Pro\;C:\Program Files (x86)\Common Files\Lenovo;C:\ProgramData\Lenovo\ReadyApps;C:\Program Files\nodejs\;C:\Program Files\Intel\WiFi\bin\;C:\Program Files\Common Files\Intel\WirelessCommon\C:\sun\jdk\1.8.0_45\bin;C:\Users\kgautam\Desktop\apache-maven-3.5.3-bin\apache-maven-3.5.3\bin;C:\Program Files\Intel\WiFi\bin\;C:\Program Files\Common Files\Intel\WirelessCommon\;C:\Users\kgautam\AppData\Local\GitHubDesktop\bin;C:\Users\kgautam\AppData\Local\Programs\Git\cmd;."/>
    <property name="java.vm.info" value="mixed mode"/>
    <property name="java.vendor" value="Oracle Corporation"/>
    <property name="java.vm.version" value="25.45-b02"/>
    <property name="java.ext.dirs" value="C:\sun\jdk\1.8.0_45\jre\lib\ext;C:\Windows\Sun\Java\lib\ext"/>
    <property name="sun.io.unicode.encoding" value="UnicodeLittle"/>
    <property name="java.class.version" value="52.0"/>
  </properties>
  <testcase name="CategoryPageNavigation" classname="testcases.CategoryNavigation" time="18.443"/>
  <testcase name="SubcategorypageNavigation" classname="testcases.SubcategoryNav" time="20.856"/>
  <testcase name="TitleValidation" classname="testcases.ValidateTitle" time="11.402"/>
  <testcase name="NavigationBarValidation" classname="testcases.ValidateNavBar" time="13.164"/>
  <testcase name="LoginValidation" classname="testcases.ValidateLogin" time="17.328"/>
  <testcase name="LoginValidation" classname="testcases.ValidateLogin" time="17.328"/>
  <testcase name="LoginValidation" classname="testcases.ValidateLogin" time="17.328"/>
  <testcase name="SiteTitle" classname="testcases.HomepageUITest" time="12.691"/>
  <testcase name="CategoryUI" classname="testcases.HomepageUITest" time="7.98"/>
  <testcase name="HeaderBanner" classname="testcases.HomepageUITest" time="7.603"/>
  <testcase name="CategoryPageValidation" classname="testcases.CategorypageValidation" time="163.81"/>
  <testcase name="ProductpageNavigation" classname="testcases.PDPNavigation" time="20.618">
    <failure message="timeout&#10;  (Session info: chrome=65.0.3325.181)&#10;  (Driver info: chromedriver=2.36.540470 (e522d04694c7ebea4ba8821272dbef4f9b818c91),platform=Windows NT 6.1.7601 SP1 x86_64) (WARNING: The server did not provide any stacktrace information)&#10;Command duration or timeout: 0 milliseconds&#10;Build info: version: &apos;3.11.0&apos;, revision: &apos;e59cfb3&apos;, time: &apos;2018-03-11T20:26:55.152Z&apos;&#10;System info: host: &apos;B2-LAP-GKARTHI2&apos;, ip: &apos;192.168.1.3&apos;, os.name: &apos;Windows 7&apos;, os.arch: &apos;amd64&apos;, os.version: &apos;6.1&apos;, java.version: &apos;1.8.0_45&apos;&#10;Driver info: org.openqa.selenium.chrome.ChromeDriver&#10;Capabilities {acceptInsecureCerts: false, acceptSslCerts: false, applicationCacheEnabled: false, browserConnectionEnabled: false, browserName: chrome, chrome: {chromedriverVersion: 2.36.540470 (e522d04694c7eb..., userDataDir: C:\Users\kgautam\AppData\Lo...}, cssSelectorsEnabled: true, databaseEnabled: false, handlesAlerts: true, hasTouchScreen: false, javascriptEnabled: true, locationContextEnabled: true, mobileEmulationEnabled: false, nativeEvents: true, networkConnectionEnabled: false, pageLoadStrategy: normal, platform: XP, platformName: XP, rotatable: false, setWindowRect: true, takesHeapSnapshot: true, takesScreenshot: true, unexpectedAlertBehaviour: , unhandledPromptBehavior: , version: 65.0.3325.181, webStorageEnabled: true}&#10;Session ID: 9ebd8a63dcf821592df3d9de6f1ab4a8" type="org.openqa.selenium.TimeoutException">org.openqa.selenium.TimeoutException: 
timeout
  (Session info: chrome=65.0.3325.181)
  (Driver info: chromedriver=2.36.540470 (e522d04694c7ebea4ba8821272dbef4f9b818c91),platform=Windows NT 6.1.7601 SP1 x86_64) (WARNING: The server did not provide any stacktrace information)
Command duration or timeout: 0 milliseconds
Build info: version: '3.11.0', revision: 'e59cfb3', time: '2018-03-11T20:26:55.152Z'
System info: host: 'B2-LAP-GKARTHI2', ip: '192.168.1.3', os.name: 'Windows 7', os.arch: 'amd64', os.version: '6.1', java.version: '1.8.0_45'
Driver info: org.openqa.selenium.chrome.ChromeDriver
Capabilities {acceptInsecureCerts: false, acceptSslCerts: false, applicationCacheEnabled: false, browserConnectionEnabled: false, browserName: chrome, chrome: {chromedriverVersion: 2.36.540470 (e522d04694c7eb..., userDataDir: C:\Users\kgautam\AppData\Lo...}, cssSelectorsEnabled: true, databaseEnabled: false, handlesAlerts: true, hasTouchScreen: false, javascriptEnabled: true, locationContextEnabled: true, mobileEmulationEnabled: false, nativeEvents: true, networkConnectionEnabled: false, pageLoadStrategy: normal, platform: XP, platformName: XP, rotatable: false, setWindowRect: true, takesHeapSnapshot: true, takesScreenshot: true, unexpectedAlertBehaviour: , unhandledPromptBehavior: , version: 65.0.3325.181, webStorageEnabled: true}
Session ID: 9ebd8a63dcf821592df3d9de6f1ab4a8
	at testcases.PDPNavigation.ProductpageNavigation(PDPNavigation.java:44)
</failure>
    <system-out><![CDATA[chrome
]]></system-out>
    <system-err><![CDATA[Starting ChromeDriver 2.36.540470 (e522d04694c7ebea4ba8821272dbef4f9b818c91) on port 39214
Only local connections are allowed.
Apr 23, 2018 10:53:09 PM org.openqa.selenium.remote.ProtocolHandshake createSession
INFO: Detected dialect: OSS
[1524504211.435][SEVERE]: Timed out receiving message from renderer: 15.482
[1524504211.453][SEVERE]: Timed out receiving message from renderer: -0.018
]]></system-err>
  </testcase>
  <testcase name="ProductPageValidation" classname="testcases.PDPValidation" time="24.957"/>
</testsuite>