<?xml version="1.0" encoding="UTF-8"?>
<!-- Generated by org.testng.reporters.JUnitReportReporter -->
<testsuite skipped="0" hostname="B2-LAP-GKARTHI2" name="testcases.ValidateNavBar" tests="1" failures="0" timestamp="17 Apr 2018 05:35:26 GMT" time="15.440" errors="0">
  <testcase name="basePageNavigation" time="15.440" classname="testcases.ValidateNavBar"/>
</testsuite> <!-- testcases.ValidateNavBar -->
