<?xml version="1.0" encoding="UTF-8"?>
<!-- Generated by org.testng.reporters.JUnitReportReporter -->
<testsuite skipped="0" hostname="B2-LAP-GKARTHI2" name="testcases.CategorypageValidation" tests="1" failures="0" timestamp="25 Apr 2018 13:45:47 GMT" time="134.005" errors="0">
  <testcase name="CategoryPageValidation" time="134.005" classname="testcases.CategorypageValidation"/>
</testsuite> <!-- testcases.CategorypageValidation -->
