<?xml version="1.0" encoding="UTF-8"?>
<!-- Generated by org.testng.reporters.JUnitReportReporter -->
<testsuite skipped="0" hostname="B2-LAP-GKARTHI2" name="testcases.ValidateLogin" tests="3" failures="0" timestamp="25 Apr 2018 12:11:11 GMT" time="62.133" errors="0">
  <testcase name="LoginValidation" time="28.485" classname="testcases.ValidateLogin"/>
  <testcase name="LoginValidation" time="19.235" classname="testcases.ValidateLogin"/>
  <testcase name="LoginValidation" time="14.413" classname="testcases.ValidateLogin"/>
</testsuite> <!-- testcases.ValidateLogin -->
