<?xml version="1.0" encoding="UTF-8"?>
<!-- Generated by org.testng.reporters.JUnitReportReporter -->
<testsuite skipped="0" hostname="B2-LAP-GKARTHI2" name="testcases.PDPNavigation" tests="1" failures="0" timestamp="24 Apr 2018 03:58:29 GMT" time="45.874" errors="0">
  <testcase name="ProductpageNavigation" time="45.874" classname="testcases.PDPNavigation"/>
</testsuite> <!-- testcases.PDPNavigation -->
