<?xml version="1.0" encoding="UTF-8"?>
<!-- Generated by org.testng.reporters.JUnitReportReporter -->
<testsuite skipped="0" hostname="B2-LAP-GKARTHI2" name="testcases.CategorypageValidation" tests="1" failures="0" timestamp="23 Apr 2018 17:04:56 GMT" time="144.523" errors="0">
  <testcase name="CategoryPageValidation" time="144.523" classname="testcases.CategorypageValidation"/>
</testsuite> <!-- testcases.CategorypageValidation -->
