<?xml version="1.0" encoding="UTF-8"?>
<!-- Generated by org.testng.reporters.JUnitReportReporter -->
<testsuite skipped="0" hostname="B2-LAP-GKARTHI2" name="testcases.CategoryNavigation" tests="1" failures="0" timestamp="17 Apr 2018 19:08:58 GMT" time="20.316" errors="0">
  <testcase name="basePageNavigation" time="20.316" classname="testcases.CategoryNavigation"/>
</testsuite> <!-- testcases.CategoryNavigation -->
