<?xml version="1.0" encoding="UTF-8"?>
<!-- Generated by org.testng.reporters.JUnitReportReporter -->
<testsuite skipped="0" hostname="B2-LAP-GKARTHI2" name="testcases.CategoryNavigation" tests="1" failures="0" timestamp="17 Apr 2018 09:11:00 GMT" time="22.935" errors="0">
  <testcase name="basePageNavigation" time="22.935" classname="testcases.CategoryNavigation"/>
</testsuite> <!-- testcases.CategoryNavigation -->
