<?xml version="1.0" encoding="UTF-8"?>
<!-- Generated by org.testng.reporters.JUnitReportReporter -->
<testsuite skipped="0" hostname="B2-LAP-GKARTHI2" name="testcases.ValidateNavBar" tests="1" failures="0" timestamp="14 Apr 2018 11:53:17 GMT" time="15.612" errors="0">
  <testcase name="basePageNavigation" time="15.612" classname="testcases.ValidateNavBar"/>
</testsuite> <!-- testcases.ValidateNavBar -->
