<?xml version="1.0" encoding="UTF-8"?>
<!-- Generated by org.testng.reporters.JUnitReportReporter -->
<testsuite skipped="0" hostname="B2-LAP-GKARTHI2" name="e2e.CategoryNavigation" tests="1" failures="0" timestamp="12 Apr 2018 07:01:00 GMT" time="21.774" errors="0">
  <testcase name="basePageNavigation" time="21.774" classname="e2e.CategoryNavigation"/>
</testsuite> <!-- e2e.CategoryNavigation -->
