<?xml version="1.0" encoding="UTF-8"?>
<!-- Generated by org.testng.reporters.JUnitReportReporter -->
<testsuite skipped="0" hostname="B2-LAP-GKARTHI2" name="testcases.PDPNavigation" tests="1" failures="0" timestamp="18 Apr 2018 05:12:21 GMT" time="49.127" errors="0">
  <testcase name="basePageNavigation" time="49.127" classname="testcases.PDPNavigation"/>
</testsuite> <!-- testcases.PDPNavigation -->
