<?xml version="1.0" encoding="UTF-8"?>
<!-- Generated by org.testng.reporters.JUnitReportReporter -->
<testsuite skipped="0" hostname="B2-LAP-GKARTHI2" name="testcases.UITest" tests="3" failures="0" timestamp="17 Apr 2018 13:21:35 GMT" time="4855.107" errors="0">
  <testcase name="SiteTitle" time="4808.668" classname="testcases.UITest"/>
  <testcase name="CategoryUI" time="36.584" classname="testcases.UITest"/>
  <testcase name="HeaderBanner" time="9.855" classname="testcases.UITest"/>
</testsuite> <!-- testcases.UITest -->
