<?xml version="1.0" encoding="UTF-8"?>
<!-- Generated by org.testng.reporters.JUnitReportReporter -->
<testsuite skipped="0" hostname="B2-LAP-GKARTHI2" name="testcases.SubcategoryNav" tests="1" failures="0" timestamp="17 Apr 2018 19:08:14 GMT" time="25.668" errors="0">
  <testcase name="basePageNavigation" time="25.668" classname="testcases.SubcategoryNav"/>
</testsuite> <!-- testcases.SubcategoryNav -->
