<?xml version="1.0" encoding="UTF-8"?>
<!-- Generated by org.testng.reporters.JUnitReportReporter -->
<testsuite skipped="0" hostname="B2-LAP-GKARTHI2" name="e2e.Homepage" tests="3" failures="0" timestamp="17 Apr 2018 06:15:35 GMT" time="54.872" errors="0">
  <testcase name="basePageNavigation" time="15.225" classname="e2e.Homepage"/>
  <testcase name="basePageNavigation" time="26.059" classname="e2e.Homepage"/>
  <testcase name="basePageNavigation" time="13.588" classname="e2e.Homepage"/>
</testsuite> <!-- e2e.Homepage -->
