<?xml version="1.0" encoding="UTF-8"?>
<!-- Generated by org.testng.reporters.JUnitReportReporter -->
<testsuite skipped="0" hostname="B2-LAP-GKARTHI2" name="testcases.SubcategoryNav" tests="1" failures="0" timestamp="23 Apr 2018 17:24:03 GMT" time="20.855" errors="0">
  <testcase name="SubcategorypageNavigation" time="20.855" classname="testcases.SubcategoryNav"/>
</testsuite> <!-- testcases.SubcategoryNav -->
