<?xml version="1.0" encoding="UTF-8"?>
<!-- Generated by org.testng.reporters.JUnitReportReporter -->
<testsuite skipped="0" hostname="B2-LAP-GKARTHI2" name="testcases.ValidateNavBar" tests="1" failures="0" timestamp="23 Apr 2018 17:24:03 GMT" time="13.179" errors="0">
  <testcase name="NavigationBarValidation" time="13.179" classname="testcases.ValidateNavBar"/>
</testsuite> <!-- testcases.ValidateNavBar -->
