<?xml version="1.0" encoding="UTF-8"?>
<!-- Generated by org.testng.reporters.JUnitReportReporter -->
<testsuite skipped="0" hostname="B2-LAP-GKARTHI2" name="testcases.HomepageUITest" tests="3" failures="0" timestamp="25 Apr 2018 13:52:53 GMT" time="31.555" errors="0">
  <testcase name="SiteTitle" time="15.231" classname="testcases.HomepageUITest"/>
  <testcase name="CategoryUI" time="8.586" classname="testcases.HomepageUITest"/>
  <testcase name="HeaderBanner" time="7.738" classname="testcases.HomepageUITest"/>
</testsuite> <!-- testcases.HomepageUITest -->
