<?xml version="1.0" encoding="UTF-8"?>
<!-- Generated by org.testng.reporters.JUnitReportReporter -->
<testsuite skipped="0" hostname="B2-LAP-GKARTHI2" name="testcases.PDPValidation" tests="1" failures="0" timestamp="23 Apr 2018 17:24:03 GMT" time="24.958" errors="0">
  <testcase name="ProductPageValidation" time="24.958" classname="testcases.PDPValidation"/>
</testsuite> <!-- testcases.PDPValidation -->
