<?xml version="1.0" encoding="UTF-8"?>
<!-- Generated by org.testng.reporters.JUnitReportReporter -->
<testsuite skipped="0" hostname="B2-LAP-GKARTHI2" name="e2e.Homepage" tests="3" failures="0" timestamp="14 Apr 2018 05:57:03 GMT" time="61.604" errors="0">
  <testcase name="basePageNavigation" time="12.658" classname="e2e.Homepage"/>
  <testcase name="basePageNavigation" time="26.396" classname="e2e.Homepage"/>
  <testcase name="basePageNavigation" time="22.550" classname="e2e.Homepage"/>
</testsuite> <!-- e2e.Homepage -->
