<?xml version="1.0" encoding="UTF-8"?>
<!-- Generated by org.testng.reporters.JUnitReportReporter -->
<testsuite skipped="0" hostname="B2-LAP-GKARTHI2" name="testcases.ValidateLogin" tests="3" failures="0" timestamp="25 Apr 2018 13:52:53 GMT" time="48.387" errors="0">
  <testcase name="LoginValidation" time="19.338" classname="testcases.ValidateLogin"/>
  <testcase name="LoginValidation" time="12.110" classname="testcases.ValidateLogin"/>
  <testcase name="LoginValidation" time="16.939" classname="testcases.ValidateLogin"/>
</testsuite> <!-- testcases.ValidateLogin -->
