<?xml version="1.0" encoding="UTF-8"?>
<!-- Generated by org.testng.reporters.JUnitReportReporter -->
<testsuite skipped="0" hostname="B2-LAP-GKARTHI2" name="testcases.CategoryNavigation" tests="1" failures="0" timestamp="14 Apr 2018 05:57:03 GMT" time="11.958" errors="0">
  <testcase name="basePageNavigation" time="11.958" classname="testcases.CategoryNavigation"/>
</testsuite> <!-- testcases.CategoryNavigation -->
