<?xml version="1.0" encoding="UTF-8"?>
<!-- Generated by org.testng.reporters.JUnitReportReporter -->
<testsuite skipped="0" hostname="B2-LAP-GKARTHI2" name="testcases.HomepageUITest" tests="3" failures="0" timestamp="23 Apr 2018 17:24:03 GMT" time="28.271" errors="0">
  <testcase name="SiteTitle" time="12.683" classname="testcases.HomepageUITest"/>
  <testcase name="CategoryUI" time="7.987" classname="testcases.HomepageUITest"/>
  <testcase name="HeaderBanner" time="7.601" classname="testcases.HomepageUITest"/>
</testsuite> <!-- testcases.HomepageUITest -->
