<?xml version="1.0" encoding="UTF-8"?>
<!-- Generated by org.testng.reporters.JUnitReportReporter -->
<testsuite skipped="0" hostname="B2-LAP-GKARTHI2" name="testcases.ValidateNavBar" tests="1" failures="0" timestamp="25 Apr 2018 13:52:53 GMT" time="11.064" errors="0">
  <testcase name="NavigationBarValidation" time="11.064" classname="testcases.ValidateNavBar"/>
</testsuite> <!-- testcases.ValidateNavBar -->
