<?xml version="1.0" encoding="UTF-8"?>
<!-- Generated by org.testng.reporters.JUnitReportReporter -->
<testsuite skipped="0" hostname="B2-LAP-GKARTHI2" name="testcases.ValidateLogin" tests="3" failures="0" timestamp="23 Apr 2018 17:24:03 GMT" time="41.427" errors="0">
  <testcase name="LoginValidation" time="12.979" classname="testcases.ValidateLogin"/>
  <testcase name="LoginValidation" time="17.328" classname="testcases.ValidateLogin"/>
  <testcase name="LoginValidation" time="11.120" classname="testcases.ValidateLogin"/>
</testsuite> <!-- testcases.ValidateLogin -->
