<?xml version="1.0" encoding="UTF-8"?>
<!-- Generated by org.testng.reporters.JUnitReportReporter -->
<testsuite skipped="0" hostname="B2-LAP-GKARTHI2" name="testcases.CategoryNavigation" tests="1" failures="0" timestamp="25 Apr 2018 13:52:53 GMT" time="23.771" errors="0">
  <testcase name="CategoryPageNavigation" time="23.771" classname="testcases.CategoryNavigation"/>
</testsuite> <!-- testcases.CategoryNavigation -->
